<?xml version="1.0" encoding="UTF-8"?>
<!-- Generated by org.testng.reporters.JUnitReportReporter -->
<testsuite hostname="DEL-5S3MQ93" failures="0" tests="1" name="rahulshettyacademy.StandAloneTest" time="19.255" errors="0" timestamp="16 Jun 2024 06:13:17 GMT" skipped="0">
  <testcase classname="rahulshettyacademy.StandAloneTest" name="submitOrder" time="19.255"/>
</testsuite> <!-- rahulshettyacademy.StandAloneTest -->
