<?xml version="1.0" encoding="UTF-8"?>
<!-- Generated by org.testng.reporters.JUnitReportReporter -->
<testsuite hostname="DEL-5S3MQ93" failures="0" tests="2" name="rahulshettyacademy.tests.ErrorValidationTest" time="33.408" errors="0" timestamp="2024-06-18T13:00:39 IST" skipped="0">
  <testcase classname="rahulshettyacademy.tests.ErrorValidationTest" name="LoginErrorValidation" time="4.916"/>
  <testcase classname="rahulshettyacademy.tests.ErrorValidationTest" name="ProductErrorValidation" time="28.492"/>
</testsuite> <!-- rahulshettyacademy.tests.ErrorValidationTest -->
