<?xml version="1.0" encoding="UTF-8"?>
<!-- Generated by org.testng.reporters.JUnitReportReporter -->
<testsuite hostname="DEL-5S3MQ93" failures="0" tests="3" name="rahulshettyacademy.tests.StandAloneTest" time="41.963" errors="0" timestamp="2024-06-18T13:00:39 IST" skipped="0">
  <testcase classname="rahulshettyacademy.tests.StandAloneTest" name="submitOrder" time="20.437"/>
  <testcase classname="rahulshettyacademy.tests.StandAloneTest" name="submitOrder" time="16.750"/>
  <testcase classname="rahulshettyacademy.tests.StandAloneTest" name="OrderHistoryTest" time="4.776"/>
</testsuite> <!-- rahulshettyacademy.tests.StandAloneTest -->
