<?xml version="1.0" encoding="UTF-8"?>
<!-- Generated by org.testng.reporters.JUnitReportReporter -->
<testsuite hostname="DEL-5S3MQ93" failures="0" tests="1" name="Cucumber.TestNGTestRunner" time="18.811" errors="0" timestamp="2024-06-18T21:10:38 IST" skipped="0">
  <testcase classname="Cucumber.TestNGTestRunner" name="runScenario" time="18.811"/>
</testsuite> <!-- Cucumber.TestNGTestRunner -->
