<?xml version="1.0" encoding="UTF-8"?>
<!-- Generated by org.testng.reporters.JUnitReportReporter -->
<testsuite hostname="DEL-5S3MQ93" failures="0" tests="1" name="rahulshettyacademy.ErrorValidationTest" time="5.494" errors="0" timestamp="16 Jun 2024 06:26:07 GMT" skipped="0">
  <testcase classname="rahulshettyacademy.ErrorValidationTest" name="submitOrder" time="5.494"/>
</testsuite> <!-- rahulshettyacademy.ErrorValidationTest -->
