<?xml version="1.0" encoding="UTF-8"?>
<!-- Generated by org.testng.reporters.JUnitReportReporter -->
<testsuite hostname="DEL-5S3MQ93" failures="0" tests="3" name="rahulshettyacademy.tests.StandAloneTest" time="71.307" errors="0" timestamp="2024-06-18T21:22:48 IST" skipped="0">
  <testcase classname="rahulshettyacademy.tests.StandAloneTest" name="submitOrder" time="21.718"/>
  <testcase classname="rahulshettyacademy.tests.StandAloneTest" name="OrderHistoryTest" time="27.725"/>
  <testcase classname="rahulshettyacademy.tests.StandAloneTest" name="submitOrder" time="21.864"/>
</testsuite> <!-- rahulshettyacademy.tests.StandAloneTest -->
