<?xml version="1.0" encoding="UTF-8"?>
<!-- Generated by org.testng.reporters.JUnitReportReporter -->
<testsuite hostname="DEL-5S3MQ93" failures="0" tests="1" name="rahulshettyacademy.StandAloneTest" time="17.748" errors="0" timestamp="15 Jun 2024 16:17:23 GMT" skipped="0">
  <testcase classname="rahulshettyacademy.StandAloneTest" name="submitOrder" time="17.748"/>
</testsuite> <!-- rahulshettyacademy.StandAloneTest -->
